0 info it worked if it ends with ok
1 verbose cli [
1 verbose cli   'C:\\Program Files\\nodejs\\node.exe',
1 verbose cli   'C:\\Users\\sasbfh\\AppData\\Roaming\\npm\\node_modules\\npm\\bin\\npm-cli.js',
1 verbose cli   'install',
1 verbose cli   '-g',
1 verbose cli   'express-generator'
1 verbose cli ]
2 info using npm@4.1.2
3 info using node@v18.16.0
4 silly loadCurrentTree Starting
5 silly install loadCurrentTree
6 silly install readGlobalPackageData
7 silly fetchPackageMetaData express-generator
8 silly fetchNamedPackageData express-generator
9 silly mapToRegistry name express-generator
10 silly mapToRegistry using default registry
11 silly mapToRegistry registry https://registry.npmjs.org/
12 silly mapToRegistry data Result {
12 silly mapToRegistry   raw: 'express-generator',
12 silly mapToRegistry   scope: null,
12 silly mapToRegistry   escapedName: 'express-generator',
12 silly mapToRegistry   name: 'express-generator',
12 silly mapToRegistry   rawSpec: '',
12 silly mapToRegistry   spec: 'latest',
12 silly mapToRegistry   type: 'tag'
12 silly mapToRegistry }
13 silly mapToRegistry uri https://registry.npmjs.org/express-generator
14 verbose request uri https://registry.npmjs.org/express-generator
15 verbose request no auth needed
16 info attempt registry request try #1 at 2:33:48 PM
17 verbose request id 2a6bb5c2d887958b
18 http request GET https://registry.npmjs.org/express-generator
19 http 200 https://registry.npmjs.org/express-generator
20 verbose headers {
20 verbose headers   date: 'Fri, 05 May 2023 18:33:48 GMT',
20 verbose headers   'content-type': 'application/json',
20 verbose headers   'transfer-encoding': 'chunked',
20 verbose headers   connection: 'keep-alive',
20 verbose headers   'cf-ray': '7c2b12eddb812d0e-IAD',
20 verbose headers   'access-control-allow-origin': '*',
20 verbose headers   'cache-control': 'public, max-age=300',
20 verbose headers   etag: 'W/"090025f244e5452c08644b57ff7c044e"',
20 verbose headers   'last-modified': 'Wed, 12 Apr 2023 04:10:23 GMT',
20 verbose headers   vary: 'accept-encoding, accept',
20 verbose headers   'cf-cache-status': 'REVALIDATED',
20 verbose headers   'x-amz-replication-status': 'COMPLETED',
20 verbose headers   'x-amz-server-side-encryption': 'AES256',
20 verbose headers   server: 'cloudflare',
20 verbose headers   'content-encoding': 'gzip'
20 verbose headers }
21 silly get cb [
21 silly get   200,
21 silly get   {
21 silly get     date: 'Fri, 05 May 2023 18:33:48 GMT',
21 silly get     'content-type': 'application/json',
21 silly get     'transfer-encoding': 'chunked',
21 silly get     connection: 'keep-alive',
21 silly get     'cf-ray': '7c2b12eddb812d0e-IAD',
21 silly get     'access-control-allow-origin': '*',
21 silly get     'cache-control': 'public, max-age=300',
21 silly get     etag: 'W/"090025f244e5452c08644b57ff7c044e"',
21 silly get     'last-modified': 'Wed, 12 Apr 2023 04:10:23 GMT',
21 silly get     vary: 'accept-encoding, accept',
21 silly get     'cf-cache-status': 'REVALIDATED',
21 silly get     'x-amz-replication-status': 'COMPLETED',
21 silly get     'x-amz-server-side-encryption': 'AES256',
21 silly get     server: 'cloudflare',
21 silly get     'content-encoding': 'gzip'
21 silly get   }
21 silly get ]
22 verbose get saving express-generator to C:\Users\sasbfh\AppData\Roaming\npm-cache\registry.npmjs.org\express-generator\.cache.json
23 verbose correctMkdir C:\Users\sasbfh\AppData\Roaming\npm-cache correctMkdir not in flight; initializing
24 verbose stack TypeError: cb.apply is not a function
24 verbose stack     at C:\Users\sasbfh\AppData\Roaming\npm\node_modules\npm\node_modules\graceful-fs\polyfills.js:287:18
24 verbose stack     at FSReqCallback.oncomplete (node:fs:209:5)
25 verbose cwd C:\Training\Visual_Studio_Codle\Ex_Files_Learning_Visual_Studio_Code\Exercise Files\Ch01\01_05\Begin\SampleCode\Zen\MyDotnet
26 error Windows_NT 10.0.19044
27 error argv "C:\\Program Files\\nodejs\\node.exe" "C:\\Users\\sasbfh\\AppData\\Roaming\\npm\\node_modules\\npm\\bin\\npm-cli.js" "install" "-g" "express-generator"
28 error node v18.16.0
29 error npm  v4.1.2
30 error cb.apply is not a function
31 error If you need help, you may report this error at:
31 error     <https://github.com/npm/npm/issues>
32 verbose exit [ 1, true ]
